2013/09/07 12:43:06 [error] [exception.CHttpException.404] exception 'CHttpException' with message 'The system is unable to find the requested action "index".' in D:\wamp\www\yii\framework\web\CController.php:483
Stack trace:
#0 D:\wamp\www\yii\framework\web\CController.php(270): CController->missingAction('')
#1 D:\wamp\www\yii\framework\web\CWebApplication.php(282): CController->run('')
#2 D:\wamp\www\yii\framework\web\CWebApplication.php(141): CWebApplication->runController('message')
#3 D:\wamp\www\yii\framework\base\CApplication.php(180): CWebApplication->processRequest()
#4 D:\wamp\www\yii_demo1\index.php(13): CApplication->run()
#5 {main}
REQUEST_URI=/yii_demo1/index.php?r=message
HTTP_REFERER=http://localhost/yii_demo1/index.php?r=gii/controller/index
---
2013/09/07 12:45:13 [error] [exception.CHttpException.404] exception 'CHttpException' with message 'The system is unable to find the requested action "index".' in D:\wamp\www\yii\framework\web\CController.php:483
Stack trace:
#0 D:\wamp\www\yii\framework\web\CController.php(270): CController->missingAction('')
#1 D:\wamp\www\yii\framework\web\CWebApplication.php(282): CController->run('')
#2 D:\wamp\www\yii\framework\web\CWebApplication.php(141): CWebApplication->runController('message')
#3 D:\wamp\www\yii\framework\base\CApplication.php(180): CWebApplication->processRequest()
#4 D:\wamp\www\yii_demo1\index.php(13): CApplication->run()
#5 {main}
REQUEST_URI=/yii_demo1/index.php?r=message
HTTP_REFERER=http://localhost/yii_demo1/index.php?r=message/hello
---
2013/09/08 09:52:42 [error] [exception.CHttpException.403] exception 'CHttpException' with message 'You are not authorized to perform this action.' in D:\wamp\www\yii\framework\web\auth\CAccessControlFilter.php:182
Stack trace:
#0 D:\wamp\www\yii\framework\web\auth\CAccessControlFilter.php(145): CAccessControlFilter->accessDenied(Object(CWebUser), 'You are not aut...')
#1 D:\wamp\www\yii\framework\web\filters\CFilter.php(38): CAccessControlFilter->preFilter(Object(CFilterChain))
#2 D:\wamp\www\yii\framework\web\CController.php(1145): CFilter->filter(Object(CFilterChain))
#3 D:\wamp\www\yii\framework\web\filters\CInlineFilter.php(58): CController->filterAccessControl(Object(CFilterChain))
#4 D:\wamp\www\yii\framework\web\filters\CFilterChain.php(130): CInlineFilter->filter(Object(CFilterChain))
#5 D:\wamp\www\yii\framework\web\CController.php(291): CFilterChain->run()
#6 D:\wamp\www\yii\framework\web\CController.php(265): CController->runActionWithFilters(Object(CInlineAction), Array)
#7 D:\wamp\www\yii\framework\web\CWebApplication.php(282): CController->run('delete')
#8 D:\wamp\www\yii\framework\web\CWebApplication.php(141): CWebApplication->runController('project/delete')
#9 D:\wamp\www\yii\framework\base\CApplication.php(180): CWebApplication->processRequest()
#10 D:\wamp\www\trackstar\index.php(13): CApplication->run()
#11 {main}
REQUEST_URI=/trackstar/index.php?r=project/delete&id=1
HTTP_REFERER=http://localhost/trackstar/index.php?r=project/view&id=1
---
2013/09/08 09:53:26 [error] [exception.CHttpException.403] exception 'CHttpException' with message 'You are not authorized to perform this action.' in D:\wamp\www\yii\framework\web\auth\CAccessControlFilter.php:182
Stack trace:
#0 D:\wamp\www\yii\framework\web\auth\CAccessControlFilter.php(145): CAccessControlFilter->accessDenied(Object(CWebUser), 'You are not aut...')
#1 D:\wamp\www\yii\framework\web\filters\CFilter.php(38): CAccessControlFilter->preFilter(Object(CFilterChain))
#2 D:\wamp\www\yii\framework\web\CController.php(1145): CFilter->filter(Object(CFilterChain))
#3 D:\wamp\www\yii\framework\web\filters\CInlineFilter.php(58): CController->filterAccessControl(Object(CFilterChain))
#4 D:\wamp\www\yii\framework\web\filters\CFilterChain.php(130): CInlineFilter->filter(Object(CFilterChain))
#5 D:\wamp\www\yii\framework\web\CController.php(291): CFilterChain->run()
#6 D:\wamp\www\yii\framework\web\CController.php(265): CController->runActionWithFilters(Object(CInlineAction), Array)
#7 D:\wamp\www\yii\framework\web\CWebApplication.php(282): CController->run('admin')
#8 D:\wamp\www\yii\framework\web\CWebApplication.php(141): CWebApplication->runController('project/admin')
#9 D:\wamp\www\yii\framework\base\CApplication.php(180): CWebApplication->processRequest()
#10 D:\wamp\www\trackstar\index.php(13): CApplication->run()
#11 {main}
REQUEST_URI=/trackstar/index.php?r=project/admin
HTTP_REFERER=http://localhost/trackstar/index.php?r=project
---
2013/09/14 04:33:07 [error] [exception.CHttpException.403] exception 'CHttpException' with message 'Must specify a project before 
performing this action.' in D:\wamp\www\trackstar\protected\controllers\IssueController.php:199
Stack trace:
#0 D:\wamp\www\yii\framework\web\filters\CInlineFilter.php(58): IssueController->filterProjectContext(Object(CFilterChain))
#1 D:\wamp\www\yii\framework\web\filters\CFilterChain.php(130): CInlineFilter->filter(Object(CFilterChain))
#2 D:\wamp\www\yii\framework\web\filters\CFilter.php(40): CFilterChain->run()
#3 D:\wamp\www\yii\framework\web\CController.php(1145): CFilter->filter(Object(CFilterChain))
#4 D:\wamp\www\yii\framework\web\filters\CInlineFilter.php(58): CController->filterAccessControl(Object(CFilterChain))
#5 D:\wamp\www\yii\framework\web\filters\CFilterChain.php(130): CInlineFilter->filter(Object(CFilterChain))
#6 D:\wamp\www\yii\framework\web\CController.php(291): CFilterChain->run()
#7 D:\wamp\www\yii\framework\web\CController.php(265): CController->runActionWithFilters(Object(CInlineAction), Array)
#8 D:\wamp\www\yii\framework\web\CWebApplication.php(282): CController->run('create')
#9 D:\wamp\www\yii\framework\web\CWebApplication.php(141): CWebApplication->runController('issue/create')
#10 D:\wamp\www\yii\framework\base\CApplication.php(180): CWebApplication->processRequest()
#11 D:\wamp\www\trackstar\index.php(13): CApplication->run()
#12 {main}
REQUEST_URI=/trackstar/index.php?r=issue/create
HTTP_REFERER=http://localhost/trackstar/index.php?r=site/login
---
2013/09/14 04:34:44 [error] [exception.CHttpException.403] exception 'CHttpException' with message 'Must specify a project before 
performing this action.' in D:\wamp\www\trackstar\protected\controllers\IssueController.php:199
Stack trace:
#0 D:\wamp\www\yii\framework\web\filters\CInlineFilter.php(58): IssueController->filterProjectContext(Object(CFilterChain))
#1 D:\wamp\www\yii\framework\web\filters\CFilterChain.php(130): CInlineFilter->filter(Object(CFilterChain))
#2 D:\wamp\www\yii\framework\web\filters\CFilter.php(40): CFilterChain->run()
#3 D:\wamp\www\yii\framework\web\CController.php(1145): CFilter->filter(Object(CFilterChain))
#4 D:\wamp\www\yii\framework\web\filters\CInlineFilter.php(58): CController->filterAccessControl(Object(CFilterChain))
#5 D:\wamp\www\yii\framework\web\filters\CFilterChain.php(130): CInlineFilter->filter(Object(CFilterChain))
#6 D:\wamp\www\yii\framework\web\CController.php(291): CFilterChain->run()
#7 D:\wamp\www\yii\framework\web\CController.php(265): CController->runActionWithFilters(Object(CInlineAction), Array)
#8 D:\wamp\www\yii\framework\web\CWebApplication.php(282): CController->run('create')
#9 D:\wamp\www\yii\framework\web\CWebApplication.php(141): CWebApplication->runController('issue/create')
#10 D:\wamp\www\yii\framework\base\CApplication.php(180): CWebApplication->processRequest()
#11 D:\wamp\www\trackstar\index.php(13): CApplication->run()
#12 {main}
REQUEST_URI=/trackstar/index.php?r=issue/create
HTTP_REFERER=http://localhost/trackstar/index.php?r=issue
---
2013/09/14 08:07:57 [error] [exception.CException] exception 'CException' with message 'Issue and its behaviors do not have a method or closure named "getUserOptions".' in D:\wamp\www\yii\framework\base\CComponent.php:266
Stack trace:
#0 D:\wamp\www\yii\framework\db\ar\CActiveRecord.php(227): CComponent->__call('getUserOptions', Array)
#1 D:\wamp\www\trackstar\protected\views\issue\_form.php(48): CActiveRecord->__call('getUserOptions', Array)
#2 D:\wamp\www\trackstar\protected\views\issue\_form.php(48): Issue->getUserOptions()
#3 D:\wamp\www\yii\framework\web\CBaseController.php(126): require('D:\wamp\www\tra...')
#4 D:\wamp\www\yii\framework\web\CBaseController.php(95): CBaseController->renderInternal('D:\wamp\www\tra...', Array, true)
#5 D:\wamp\www\yii\framework\web\CController.php(869): CBaseController->renderFile('D:\wamp\www\tra...', Array, true)
#6 D:\wamp\www\trackstar\protected\views\issue\create.php(18): CController->renderPartial('_form', Array)
#7 D:\wamp\www\yii\framework\web\CBaseController.php(126): require('D:\wamp\www\tra...')
#8 D:\wamp\www\yii\framework\web\CBaseController.php(95): CBaseController->renderInternal('D:\wamp\www\tra...', Array, true)
#9 D:\wamp\www\yii\framework\web\CController.php(869): CBaseController->renderFile('D:\wamp\www\tra...', Array, true)
#10 D:\wamp\www\yii\framework\web\CController.php(782): CController->renderPartial('create', Array, true)
#11 D:\wamp\www\trackstar\protected\controllers\IssueController.php(96): CController->render('create', Array)
#12 D:\wamp\www\yii\framework\web\actions\CInlineAction.php(49): IssueController->actionCreate()
#13 D:\wamp\www\yii\framework\web\CController.php(308): CInlineAction->runWithParams(Array)
#14 D:\wamp\www\yii\framework\web\filters\CFilterChain.php(133): CController->runAction(Object(CInlineAction))
#15 D:\wamp\www\trackstar\protected\controllers\IssueController.php(202): CFilterChain->run()
#16 D:\wamp\www\yii\framework\web\filters\CInlineFilter.php(58): IssueController->filterProjectContext(Object(CFilterChain))
#17 D:\wamp\www\yii\framework\web\filters\CFilterChain.php(130): CInlineFilter->filter(Object(CFilterChain))
#18 D:\wamp\www\yii\framework\web\filters\CFilter.php(40): CFilterChain->run()
#19 D:\wamp\www\yii\framework\web\CController.php(1145): CFilter->filter(Object(CFilterChain))
#20 D:\wamp\www\yii\framework\web\filters\CInlineFilter.php(58): CController->filterAccessControl(Object(CFilterChain))
#21 D:\wamp\www\yii\framework\web\filters\CFilterChain.php(130): CInlineFilter->filter(Object(CFilterChain))
#22 D:\wamp\www\yii\framework\web\CController.php(291): CFilterChain->run()
#23 D:\wamp\www\yii\framework\web\CController.php(265): CController->runActionWithFilters(Object(CInlineAction), Array)
#24 D:\wamp\www\yii\framework\web\CWebApplication.php(282): CController->run('create')
#25 D:\wamp\www\yii\framework\web\CWebApplication.php(141): CWebApplication->runController('issue/create')
#26 D:\wamp\www\yii\framework\base\CApplication.php(180): CWebApplication->processRequest()
#27 D:\wamp\www\trackstar\index.php(13): CApplication->run()
#28 {main}
REQUEST_URI=/trackstar/index.php?r=issue/create&pid=1
HTTP_REFERER=http://localhost/trackstar/index.php?r=project/view&id=1
---
2013/09/14 08:11:44 [error] [exception.CException] exception 'CException' with message 'Property "Issue.users" is not defined.' in D:\wamp\www\yii\framework\base\CComponent.php:130
Stack trace:
#0 D:\wamp\www\yii\framework\db\ar\CActiveRecord.php(145): CComponent->__get('users')
#1 D:\wamp\www\trackstar\protected\models\Issue.php(66): CActiveRecord->__get('users')
#2 D:\wamp\www\trackstar\protected\views\issue\_form.php(48): Issue->getUserOptions()
#3 D:\wamp\www\yii\framework\web\CBaseController.php(126): require('D:\wamp\www\tra...')
#4 D:\wamp\www\yii\framework\web\CBaseController.php(95): CBaseController->renderInternal('D:\wamp\www\tra...', Array, true)
#5 D:\wamp\www\yii\framework\web\CController.php(869): CBaseController->renderFile('D:\wamp\www\tra...', Array, true)
#6 D:\wamp\www\trackstar\protected\views\issue\create.php(18): CController->renderPartial('_form', Array)
#7 D:\wamp\www\yii\framework\web\CBaseController.php(126): require('D:\wamp\www\tra...')
#8 D:\wamp\www\yii\framework\web\CBaseController.php(95): CBaseController->renderInternal('D:\wamp\www\tra...', Array, true)
#9 D:\wamp\www\yii\framework\web\CController.php(869): CBaseController->renderFile('D:\wamp\www\tra...', Array, true)
#10 D:\wamp\www\yii\framework\web\CController.php(782): CController->renderPartial('create', Array, true)
#11 D:\wamp\www\trackstar\protected\controllers\IssueController.php(96): CController->render('create', Array)
#12 D:\wamp\www\yii\framework\web\actions\CInlineAction.php(49): IssueController->actionCreate()
#13 D:\wamp\www\yii\framework\web\CController.php(308): CInlineAction->runWithParams(Array)
#14 D:\wamp\www\yii\framework\web\filters\CFilterChain.php(133): CController->runAction(Object(CInlineAction))
#15 D:\wamp\www\trackstar\protected\controllers\IssueController.php(202): CFilterChain->run()
#16 D:\wamp\www\yii\framework\web\filters\CInlineFilter.php(58): IssueController->filterProjectContext(Object(CFilterChain))
#17 D:\wamp\www\yii\framework\web\filters\CFilterChain.php(130): CInlineFilter->filter(Object(CFilterChain))
#18 D:\wamp\www\yii\framework\web\filters\CFilter.php(40): CFilterChain->run()
#19 D:\wamp\www\yii\framework\web\CController.php(1145): CFilter->filter(Object(CFilterChain))
#20 D:\wamp\www\yii\framework\web\filters\CInlineFilter.php(58): CController->filterAccessControl(Object(CFilterChain))
#21 D:\wamp\www\yii\framework\web\filters\CFilterChain.php(130): CInlineFilter->filter(Object(CFilterChain))
#22 D:\wamp\www\yii\framework\web\CController.php(291): CFilterChain->run()
#23 D:\wamp\www\yii\framework\web\CController.php(265): CController->runActionWithFilters(Object(CInlineAction), Array)
#24 D:\wamp\www\yii\framework\web\CWebApplication.php(282): CController->run('create')
#25 D:\wamp\www\yii\framework\web\CWebApplication.php(141): CWebApplication->runController('issue/create')
#26 D:\wamp\www\yii\framework\base\CApplication.php(180): CWebApplication->processRequest()
#27 D:\wamp\www\trackstar\index.php(13): CApplication->run()
#28 {main}
REQUEST_URI=/trackstar/index.php?r=issue/create&pid=1
HTTP_REFERER=http://localhost/trackstar/index.php?r=project/view&id=1
---
2013/09/14 08:12:13 [error] [exception.CException] exception 'CException' with message 'Issue and its behaviors do not have a method or closure named "getUserOptions".' in D:\wamp\www\yii\framework\base\CComponent.php:266
Stack trace:
#0 D:\wamp\www\yii\framework\db\ar\CActiveRecord.php(227): CComponent->__call('getUserOptions', Array)
#1 D:\wamp\www\trackstar\protected\views\issue\_form.php(48): CActiveRecord->__call('getUserOptions', Array)
#2 D:\wamp\www\trackstar\protected\views\issue\_form.php(48): Issue->getUserOptions()
#3 D:\wamp\www\yii\framework\web\CBaseController.php(126): require('D:\wamp\www\tra...')
#4 D:\wamp\www\yii\framework\web\CBaseController.php(95): CBaseController->renderInternal('D:\wamp\www\tra...', Array, true)
#5 D:\wamp\www\yii\framework\web\CController.php(869): CBaseController->renderFile('D:\wamp\www\tra...', Array, true)
#6 D:\wamp\www\trackstar\protected\views\issue\create.php(18): CController->renderPartial('_form', Array)
#7 D:\wamp\www\yii\framework\web\CBaseController.php(126): require('D:\wamp\www\tra...')
#8 D:\wamp\www\yii\framework\web\CBaseController.php(95): CBaseController->renderInternal('D:\wamp\www\tra...', Array, true)
#9 D:\wamp\www\yii\framework\web\CController.php(869): CBaseController->renderFile('D:\wamp\www\tra...', Array, true)
#10 D:\wamp\www\yii\framework\web\CController.php(782): CController->renderPartial('create', Array, true)
#11 D:\wamp\www\trackstar\protected\controllers\IssueController.php(96): CController->render('create', Array)
#12 D:\wamp\www\yii\framework\web\actions\CInlineAction.php(49): IssueController->actionCreate()
#13 D:\wamp\www\yii\framework\web\CController.php(308): CInlineAction->runWithParams(Array)
#14 D:\wamp\www\yii\framework\web\filters\CFilterChain.php(133): CController->runAction(Object(CInlineAction))
#15 D:\wamp\www\trackstar\protected\controllers\IssueController.php(202): CFilterChain->run()
#16 D:\wamp\www\yii\framework\web\filters\CInlineFilter.php(58): IssueController->filterProjectContext(Object(CFilterChain))
#17 D:\wamp\www\yii\framework\web\filters\CFilterChain.php(130): CInlineFilter->filter(Object(CFilterChain))
#18 D:\wamp\www\yii\framework\web\filters\CFilter.php(40): CFilterChain->run()
#19 D:\wamp\www\yii\framework\web\CController.php(1145): CFilter->filter(Object(CFilterChain))
#20 D:\wamp\www\yii\framework\web\filters\CInlineFilter.php(58): CController->filterAccessControl(Object(CFilterChain))
#21 D:\wamp\www\yii\framework\web\filters\CFilterChain.php(130): CInlineFilter->filter(Object(CFilterChain))
#22 D:\wamp\www\yii\framework\web\CController.php(291): CFilterChain->run()
#23 D:\wamp\www\yii\framework\web\CController.php(265): CController->runActionWithFilters(Object(CInlineAction), Array)
#24 D:\wamp\www\yii\framework\web\CWebApplication.php(282): CController->run('create')
#25 D:\wamp\www\yii\framework\web\CWebApplication.php(141): CWebApplication->runController('issue/create')
#26 D:\wamp\www\yii\framework\base\CApplication.php(180): CWebApplication->processRequest()
#27 D:\wamp\www\trackstar\index.php(13): CApplication->run()
#28 {main}
REQUEST_URI=/trackstar/index.php?r=issue/create&pid=1
HTTP_REFERER=http://localhost/trackstar/index.php?r=project/view&id=1
---
2013/09/14 08:17:04 [error] [exception.CDbException] exception 'CDbException' with message 'The relation "users" in active record class "User" is specified with an invalid foreign key. The format of the foreign key must be "joinTable(fk1,fk2,...)".' in D:\wamp\www\yii\framework\db\ar\CActiveRecord.php:2315
Stack trace:
#0 D:\wamp\www\yii\framework\db\ar\CActiveRecord.php(2292): CManyManyRelation->initJunctionData()
#1 D:\wamp\www\yii\framework\db\ar\CActiveFinder.php(540): CManyManyRelation->getJunctionTableName()
#2 D:\wamp\www\yii\framework\db\ar\CActiveFinder.php(500): CJoinElement->applyLazyCondition(Object(CJoinQuery), Object(Project))
#3 D:\wamp\www\yii\framework\db\ar\CActiveFinder.php(163): CJoinElement->lazyFind(Object(Project))
#4 D:\wamp\www\yii\framework\db\ar\CActiveRecord.php(281): CActiveFinder->lazyFind(Object(Project))
#5 D:\wamp\www\yii\framework\db\ar\CActiveRecord.php(143): CActiveRecord->getRelated('users')
#6 D:\wamp\www\trackstar\protected\models\Project.php(30): CActiveRecord->__get('users')
#7 D:\wamp\www\trackstar\protected\views\issue\_form.php(48): Project->getUserOptions()
#8 D:\wamp\www\yii\framework\web\CBaseController.php(126): require('D:\wamp\www\tra...')
#9 D:\wamp\www\yii\framework\web\CBaseController.php(95): CBaseController->renderInternal('D:\wamp\www\tra...', Array, true)
#10 D:\wamp\www\yii\framework\web\CController.php(869): CBaseController->renderFile('D:\wamp\www\tra...', Array, true)
#11 D:\wamp\www\trackstar\protected\views\issue\create.php(18): CController->renderPartial('_form', Array)
#12 D:\wamp\www\yii\framework\web\CBaseController.php(126): require('D:\wamp\www\tra...')
#13 D:\wamp\www\yii\framework\web\CBaseController.php(95): CBaseController->renderInternal('D:\wamp\www\tra...', Array, true)
#14 D:\wamp\www\yii\framework\web\CController.php(869): CBaseController->renderFile('D:\wamp\www\tra...', Array, true)
#15 D:\wamp\www\yii\framework\web\CController.php(782): CController->renderPartial('create', Array, true)
#16 D:\wamp\www\trackstar\protected\controllers\IssueController.php(96): CController->render('create', Array)
#17 D:\wamp\www\yii\framework\web\actions\CInlineAction.php(49): IssueController->actionCreate()
#18 D:\wamp\www\yii\framework\web\CController.php(308): CInlineAction->runWithParams(Array)
#19 D:\wamp\www\yii\framework\web\filters\CFilterChain.php(133): CController->runAction(Object(CInlineAction))
#20 D:\wamp\www\trackstar\protected\controllers\IssueController.php(202): CFilterChain->run()
#21 D:\wamp\www\yii\framework\web\filters\CInlineFilter.php(58): IssueController->filterProjectContext(Object(CFilterChain))
#22 D:\wamp\www\yii\framework\web\filters\CFilterChain.php(130): CInlineFilter->filter(Object(CFilterChain))
#23 D:\wamp\www\yii\framework\web\filters\CFilter.php(40): CFilterChain->run()
#24 D:\wamp\www\yii\framework\web\CController.php(1145): CFilter->filter(Object(CFilterChain))
#25 D:\wamp\www\yii\framework\web\filters\CInlineFilter.php(58): CController->filterAccessControl(Object(CFilterChain))
#26 D:\wamp\www\yii\framework\web\filters\CFilterChain.php(130): CInlineFilter->filter(Object(CFilterChain))
#27 D:\wamp\www\yii\framework\web\CController.php(291): CFilterChain->run()
#28 D:\wamp\www\yii\framework\web\CController.php(265): CController->runActionWithFilters(Object(CInlineAction), Array)
#29 D:\wamp\www\yii\framework\web\CWebApplication.php(282): CController->run('create')
#30 D:\wamp\www\yii\framework\web\CWebApplication.php(141): CWebApplication->runController('issue/create')
#31 D:\wamp\www\yii\framework\base\CApplication.php(180): CWebApplication->processRequest()
#32 D:\wamp\www\trackstar\index.php(13): CApplication->run()
#33 {main}
REQUEST_URI=/trackstar/index.php?r=issue/create&pid=1
HTTP_REFERER=http://localhost/trackstar/index.php?r=project/view&id=1
---
2013/09/14 08:44:21 [error] [php] Undefined variable: firephp (D:\wamp\www\trackstar\protected\views\issue\_form.php:48)
Stack trace:
#0 D:\wamp\www\yii\framework\web\CController.php(869): IssueController->renderFile()
#1 D:\wamp\www\trackstar\protected\views\issue\create.php(18): IssueController->renderPartial()
#2 D:\wamp\www\yii\framework\web\CBaseController.php(126): require()
#3 D:\wamp\www\yii\framework\web\CBaseController.php(95): IssueController->renderInternal()
#4 D:\wamp\www\yii\framework\web\CController.php(869): IssueController->renderFile()
#5 D:\wamp\www\yii\framework\web\CController.php(782): IssueController->renderPartial()
#6 D:\wamp\www\trackstar\protected\controllers\IssueController.php(96): IssueController->render()
#7 D:\wamp\www\yii\framework\web\actions\CInlineAction.php(49): IssueController->actionCreate()
#8 D:\wamp\www\yii\framework\web\CController.php(308): CInlineAction->runWithParams()
#9 D:\wamp\www\yii\framework\web\filters\CFilterChain.php(133): IssueController->runAction()
#10 D:\wamp\www\trackstar\protected\controllers\IssueController.php(202): CFilterChain->run()
#11 D:\wamp\www\yii\framework\web\filters\CInlineFilter.php(58): IssueController->filterProjectContext()
#12 D:\wamp\www\yii\framework\web\filters\CFilterChain.php(130): CInlineFilter->filter()
#13 D:\wamp\www\yii\framework\web\filters\CFilter.php(40): CFilterChain->run()
#14 D:\wamp\www\yii\framework\web\CController.php(1145): CAccessControlFilter->filter()
#15 D:\wamp\www\yii\framework\web\filters\CInlineFilter.php(58): IssueController->filterAccessControl()
#16 D:\wamp\www\yii\framework\web\filters\CFilterChain.php(130): CInlineFilter->filter()
#17 D:\wamp\www\yii\framework\web\CController.php(291): CFilterChain->run()
#18 D:\wamp\www\yii\framework\web\CController.php(265): IssueController->runActionWithFilters()
#19 D:\wamp\www\yii\framework\web\CWebApplication.php(282): IssueController->run()
#20 D:\wamp\www\yii\framework\web\CWebApplication.php(141): CWebApplication->runController()
#21 D:\wamp\www\yii\framework\base\CApplication.php(180): CWebApplication->processRequest()
#22 D:\wamp\www\trackstar\index.php(16): CWebApplication->run()
REQUEST_URI=/trackstar/index.php?r=issue/create&pid=1
in D:\wamp\www\trackstar\protected\views\issue\_form.php (48)
in D:\wamp\www\trackstar\protected\views\issue\create.php (18)
in D:\wamp\www\trackstar\protected\controllers\IssueController.php (96)
2013/09/14 09:46:32 [error] [php] require(): Filename cannot be empty (D:\wamp\www\yii\framework\web\CBaseController.php:130)
Stack trace:
#0 D:\wamp\www\yii\framework\zii\widgets\CListView.php(291): ProjectController->renderFile()
#1 D:\wamp\www\yii\framework\zii\widgets\CBaseListView.php(167): CListView->renderItems()
#2 unknown(0): CListView->renderSection()
#3 D:\wamp\www\yii\framework\zii\widgets\CBaseListView.php(150): preg_replace_callback()
#4 D:\wamp\www\yii\framework\zii\widgets\CBaseListView.php(135): CListView->renderContent()
#5 D:\wamp\www\yii\framework\web\CBaseController.php(173): CListView->run()
#6 D:\wamp\www\trackstar\protected\views\project\view.php(40): ProjectController->widget()
#7 D:\wamp\www\yii\framework\web\CBaseController.php(126): require()
#8 D:\wamp\www\yii\framework\web\CBaseController.php(95): ProjectController->renderInternal()
#9 D:\wamp\www\yii\framework\web\CController.php(869): ProjectController->renderFile()
#10 D:\wamp\www\yii\framework\web\CController.php(782): ProjectController->renderPartial()
#11 D:\wamp\www\trackstar\protected\controllers\ProjectController.php(66): ProjectController->render()
#12 unknown(0): ProjectController->actionView()
#13 D:\wamp\www\yii\framework\web\actions\CAction.php(108): ReflectionMethod->invokeArgs()
#14 D:\wamp\www\yii\framework\web\actions\CInlineAction.php(47): CInlineAction->runWithParamsInternal()
#15 D:\wamp\www\yii\framework\web\CController.php(308): CInlineAction->runWithParams()
#16 D:\wamp\www\yii\framework\web\filters\CFilterChain.php(133): ProjectController->runAction()
#17 D:\wamp\www\yii\framework\web\filters\CFilter.php(40): CFilterChain->run()
#18 D:\wamp\www\yii\framework\web\CController.php(1145): CAccessControlFilter->filter()
#19 D:\wamp\www\yii\framework\web\filters\CInlineFilter.php(58): ProjectController->filterAccessControl()
#20 D:\wamp\www\yii\framework\web\filters\CFilterChain.php(130): CInlineFilter->filter()
#21 D:\wamp\www\yii\framework\web\CController.php(291): CFilterChain->run()
#22 D:\wamp\www\yii\framework\web\CController.php(265): ProjectController->runActionWithFilters()
#23 D:\wamp\www\yii\framework\web\CWebApplication.php(282): ProjectController->run()
#24 D:\wamp\www\yii\framework\web\CWebApplication.php(141): CWebApplication->runController()
#25 D:\wamp\www\yii\framework\base\CApplication.php(180): CWebApplication->processRequest()
#26 D:\wamp\www\trackstar\index.php(16): CWebApplication->run()
REQUEST_URI=/trackstar/index.php?r=project/view&id=1
in D:\wamp\www\trackstar\protected\views\project\view.php (40)
in D:\wamp\www\trackstar\protected\controllers\ProjectController.php (66)
in D:\wamp\www\trackstar\index.php (16)
2013/09/14 10:08:11 [error] [exception.CHttpException.400] exception 'CHttpException' with message 'Your request is invalid.' in D:\wamp\www\yii\framework\web\CController.php:336
Stack trace:
#0 D:\wamp\www\yii\framework\web\CController.php(309): CController->invalidActionParams(Object(CInlineAction))
#1 D:\wamp\www\yii\framework\web\filters\CFilterChain.php(133): CController->runAction(Object(CInlineAction))
#2 D:\wamp\www\yii\framework\web\filters\CFilter.php(40): CFilterChain->run()
#3 D:\wamp\www\yii\framework\web\CController.php(1145): CFilter->filter(Object(CFilterChain))
#4 D:\wamp\www\yii\framework\web\filters\CInlineFilter.php(58): CController->filterAccessControl(Object(CFilterChain))
#5 D:\wamp\www\yii\framework\web\filters\CFilterChain.php(130): CInlineFilter->filter(Object(CFilterChain))
#6 D:\wamp\www\yii\framework\web\CController.php(291): CFilterChain->run()
#7 D:\wamp\www\yii\framework\web\CController.php(265): CController->runActionWithFilters(Object(CInlineAction), Array)
#8 D:\wamp\www\yii\framework\web\CWebApplication.php(282): CController->run('view')
#9 D:\wamp\www\yii\framework\web\CWebApplication.php(141): CWebApplication->runController('project/view')
#10 D:\wamp\www\yii\framework\base\CApplication.php(180): CWebApplication->processRequest()
#11 D:\wamp\www\trackstar\index.php(16): CApplication->run()
#12 {main}
REQUEST_URI=/trackstar/index.php?r=project/view
---
2013/09/14 10:13:07 [error] [php] include(Project.php): failed to open stream: No such file or directory (D:\wamp\www\yii\framework\YiiBase.php:427)
Stack trace:
#0 D:\wamp\www\yii\framework\db\ar\CActiveRecord.php(395): spl_autoload_call()
#1 D:\wamp\www\yii\framework\web\CActiveDataProvider.php(165): model()
#2 D:\wamp\www\yii\framework\web\CActiveDataProvider.php(87): CActiveDataProvider->getModel()
#3 D:\wamp\www\trackstar\protected\controllers\ProjectController.php(135): CActiveDataProvider->__construct()
#4 D:\wamp\www\yii\framework\web\actions\CInlineAction.php(49): ProjectController->actionIndex()
#5 D:\wamp\www\yii\framework\web\CController.php(308): CInlineAction->runWithParams()
#6 D:\wamp\www\yii\framework\web\filters\CFilterChain.php(133): ProjectController->runAction()
#7 D:\wamp\www\yii\framework\web\filters\CFilter.php(40): CFilterChain->run()
#8 D:\wamp\www\yii\framework\web\CController.php(1145): CAccessControlFilter->filter()
#9 D:\wamp\www\yii\framework\web\filters\CInlineFilter.php(58): ProjectController->filterAccessControl()
#10 D:\wamp\www\yii\framework\web\filters\CFilterChain.php(130): CInlineFilter->filter()
#11 D:\wamp\www\yii\framework\web\CController.php(291): CFilterChain->run()
#12 D:\wamp\www\yii\framework\web\CController.php(265): ProjectController->runActionWithFilters()
#13 D:\wamp\www\yii\framework\web\CWebApplication.php(282): ProjectController->run()
#14 D:\wamp\www\yii\framework\web\CWebApplication.php(141): CWebApplication->runController()
#15 D:\wamp\www\yii\framework\base\CApplication.php(180): CWebApplication->processRequest()
#16 D:\wamp\www\trackstar\index.php(16): CWebApplication->run()
REQUEST_URI=/trackstar/index.php?r=project/index
in D:\wamp\www\trackstar\protected\controllers\ProjectController.php (135)
in D:\wamp\www\trackstar\index.php (16)
2013/09/15 02:15:39 [error] [exception.CHttpException.403] exception 'CHttpException' with message 'Must specify a project before 
performing this action.' in D:\wamp\www\trackstar\protected\controllers\IssueController.php:199
Stack trace:
#0 D:\wamp\www\yii\framework\web\filters\CInlineFilter.php(58): IssueController->filterProjectContext(Object(CFilterChain))
#1 D:\wamp\www\yii\framework\web\filters\CFilterChain.php(130): CInlineFilter->filter(Object(CFilterChain))
#2 D:\wamp\www\yii\framework\web\filters\CFilter.php(40): CFilterChain->run()
#3 D:\wamp\www\yii\framework\web\CController.php(1145): CFilter->filter(Object(CFilterChain))
#4 D:\wamp\www\yii\framework\web\filters\CInlineFilter.php(58): CController->filterAccessControl(Object(CFilterChain))
#5 D:\wamp\www\yii\framework\web\filters\CFilterChain.php(130): CInlineFilter->filter(Object(CFilterChain))
#6 D:\wamp\www\yii\framework\web\CController.php(291): CFilterChain->run()
#7 D:\wamp\www\yii\framework\web\CController.php(265): CController->runActionWithFilters(Object(CInlineAction), Array)
#8 D:\wamp\www\yii\framework\web\CWebApplication.php(282): CController->run('create')
#9 D:\wamp\www\yii\framework\web\CWebApplication.php(141): CWebApplication->runController('issue/create')
#10 D:\wamp\www\yii\framework\base\CApplication.php(180): CWebApplication->processRequest()
#11 D:\wamp\www\trackstar\index.php(16): CApplication->run()
#12 {main}
REQUEST_URI=/trackstar/index.php?r=issue/create
HTTP_REFERER=http://localhost/trackstar/index.php?r=site/login
---
2013/09/15 02:52:16 [error] [exception.CException] exception 'CException' with message 'Property "User.requester_id" is not defined.' in D:\wamp\www\yii\framework\base\CComponent.php:130
Stack trace:
#0 D:\wamp\www\yii\framework\db\ar\CActiveRecord.php(145): CComponent->__get('requester_id')
#1 D:\wamp\www\trackstar\protected\views\issue\view.php(42): CActiveRecord->__get('requester_id')
#2 D:\wamp\www\yii\framework\web\CBaseController.php(126): require('D:\wamp\www\tra...')
#3 D:\wamp\www\yii\framework\web\CBaseController.php(95): CBaseController->renderInternal('D:\wamp\www\tra...', Array, true)
#4 D:\wamp\www\yii\framework\web\CController.php(869): CBaseController->renderFile('D:\wamp\www\tra...', Array, true)
#5 D:\wamp\www\yii\framework\web\CController.php(782): CController->renderPartial('view', Array, true)
#6 D:\wamp\www\trackstar\protected\controllers\IssueController.php(73): CController->render('view', Array)
#7 [internal function]: IssueController->actionView('1')
#8 D:\wamp\www\yii\framework\web\actions\CAction.php(108): ReflectionMethod->invokeArgs(Object(IssueController), Array)
#9 D:\wamp\www\yii\framework\web\actions\CInlineAction.php(47): CAction->runWithParamsInternal(Object(IssueController), Object(ReflectionMethod), Array)
#10 D:\wamp\www\yii\framework\web\CController.php(308): CInlineAction->runWithParams(Array)
#11 D:\wamp\www\yii\framework\web\filters\CFilterChain.php(133): CController->runAction(Object(CInlineAction))
#12 D:\wamp\www\yii\framework\web\filters\CFilter.php(40): CFilterChain->run()
#13 D:\wamp\www\yii\framework\web\CController.php(1145): CFilter->filter(Object(CFilterChain))
#14 D:\wamp\www\yii\framework\web\filters\CInlineFilter.php(58): CController->filterAccessControl(Object(CFilterChain))
#15 D:\wamp\www\yii\framework\web\filters\CFilterChain.php(130): CInlineFilter->filter(Object(CFilterChain))
#16 D:\wamp\www\yii\framework\web\CController.php(291): CFilterChain->run()
#17 D:\wamp\www\yii\framework\web\CController.php(265): CController->runActionWithFilters(Object(CInlineAction), Array)
#18 D:\wamp\www\yii\framework\web\CWebApplication.php(282): CController->run('view')
#19 D:\wamp\www\yii\framework\web\CWebApplication.php(141): CWebApplication->runController('issue/view')
#20 D:\wamp\www\yii\framework\base\CApplication.php(180): CWebApplication->processRequest()
#21 D:\wamp\www\trackstar\index.php(16): CApplication->run()
#22 {main}
REQUEST_URI=/trackstar/index.php?r=issue/view&id=1
HTTP_REFERER=http://localhost/trackstar/index.php?r=issue/index
---
2013/09/15 11:59:46 [error] [exception.CHttpException.403] exception 'CHttpException' with message 'Must specify a project before 
performing this action.' in D:\wamp\www\trackstar\protected\controllers\IssueController.php:204
Stack trace:
#0 D:\wamp\www\yii\framework\web\filters\CInlineFilter.php(58): IssueController->filterProjectContext(Object(CFilterChain))
#1 D:\wamp\www\yii\framework\web\filters\CFilterChain.php(130): CInlineFilter->filter(Object(CFilterChain))
#2 D:\wamp\www\yii\framework\web\filters\CFilter.php(40): CFilterChain->run()
#3 D:\wamp\www\yii\framework\web\CController.php(1145): CFilter->filter(Object(CFilterChain))
#4 D:\wamp\www\yii\framework\web\filters\CInlineFilter.php(58): CController->filterAccessControl(Object(CFilterChain))
#5 D:\wamp\www\yii\framework\web\filters\CFilterChain.php(130): CInlineFilter->filter(Object(CFilterChain))
#6 D:\wamp\www\yii\framework\web\CController.php(291): CFilterChain->run()
#7 D:\wamp\www\yii\framework\web\CController.php(265): CController->runActionWithFilters(Object(CInlineAction), Array)
#8 D:\wamp\www\yii\framework\web\CWebApplication.php(282): CController->run('create')
#9 D:\wamp\www\yii\framework\web\CWebApplication.php(141): CWebApplication->runController('issue/create')
#10 D:\wamp\www\yii\framework\base\CApplication.php(180): CWebApplication->processRequest()
#11 D:\wamp\www\trackstar\index.php(16): CApplication->run()
#12 {main}
REQUEST_URI=/trackstar/index.php?r=issue/create
---
2013/09/21 05:43:46 [error] [exception.CException] exception 'CException' with message 'Property "CWebUser.username" is not defined.' in D:\wamp\www\yii\framework\base\CComponent.php:130
Stack trace:
#0 D:\wamp\www\yii\framework\web\auth\CWebUser.php(146): CComponent->__get('username')
#1 D:\wamp\www\trackstar\protected\controllers\UserController.php(68): CWebUser->__get('username')
#2 D:\wamp\www\yii\framework\web\actions\CInlineAction.php(49): UserController->actionCreate()
#3 D:\wamp\www\yii\framework\web\CController.php(308): CInlineAction->runWithParams(Array)
#4 D:\wamp\www\yii\framework\web\filters\CFilterChain.php(133): CController->runAction(Object(CInlineAction))
#5 D:\wamp\www\yii\framework\web\filters\CFilter.php(40): CFilterChain->run()
#6 D:\wamp\www\yii\framework\web\CController.php(1145): CFilter->filter(Object(CFilterChain))
#7 D:\wamp\www\yii\framework\web\filters\CInlineFilter.php(58): CController->filterAccessControl(Object(CFilterChain))
#8 D:\wamp\www\yii\framework\web\filters\CFilterChain.php(130): CInlineFilter->filter(Object(CFilterChain))
#9 D:\wamp\www\yii\framework\web\CController.php(291): CFilterChain->run()
#10 D:\wamp\www\yii\framework\web\CController.php(265): CController->runActionWithFilters(Object(CInlineAction), Array)
#11 D:\wamp\www\yii\framework\web\CWebApplication.php(282): CController->run('create')
#12 D:\wamp\www\yii\framework\web\CWebApplication.php(141): CWebApplication->runController('user/create')
#13 D:\wamp\www\yii\framework\base\CApplication.php(180): CWebApplication->processRequest()
#14 D:\wamp\www\trackstar\index.php(16): CApplication->run()
#15 {main}
REQUEST_URI=/trackstar/index.php?r=user/create
HTTP_REFERER=http://localhost/trackstar/index.php?r=user/create
---
